[TM.env] localhost (undefined)
[debug-logger] 已启用·浏览器内存模式
[SaveDB] IndexedDB不可用，回退localStorage
[三系统联动] 事件总线钩子已连接
[corruption-p2] 已加载：25 条案件库 + lumpSum API + 风闻四类 + 新官标记
[corruption-p4] 已加载：模式调节 / 轮换副作用 / 卖官 / AI增强 / 地图热力 / 编辑器面板
[guoku] 引擎已加载：8 收入源 + 8 支出类 + 破产链 + 6 紧急措施 + 朝代预设
[neitang] 引擎已加载：6 源 + 5 支 + 双向转运 + 大典 + 危机链
[neitang-p2] 加载：5 进奉类 + 13 预设 + 宗室压力 + 调拨阻力 + 税种重定向
[charEcon] 引擎已加载：6 资源 + 14×14 收支 + 8 阶层 + 家族共财 + 抄家 + 字系统
[historical] 加载 27 条历史人物档案
[historical-wave-01] 加载 60 条
[historical-wave-02] 加载 46 条
[historical-wave-03] 加载 44 条
[historical-wave-04] 加载 40 条
[historical-wave-05] 加载 37 条
[historical-wave-06] 加载 36 条
[historical-wave-07] 加载 29 条
[historical-wave-08] 加载 38 条
[historical-wave-09] 加载 30 条
[historical-wave-10] 加载 36 条
[historical-wave-11] 加载 36 条
[historical-wave-12] 加载 49 条
[charEcon-ui] 角色资源 UI 已加载：6 资源展示 + 抄家 + 派员
[econLinkage] 已加载：层层剥夺+区域财政树+下拨生命周期+俸禄流+贪腐流+抄家触发+事件总线
[scenario] 天启七年·九月（v2 扩充版）已注册，sid=sc-tianqi7-1627，人物106·势力12·党派7·阶层9·变量21·关系57·事件64
[repro] boot 257/258 loaded, 1 boot errs
   booterr phase8-formal-bridge.js: Cannot read properties of undefined (reading 'renderPreviewTopbarVars')
typeof openKejuPanel = function
typeof showKejuModal = function
typeof _kjpOpenReformProposal = function

=== 复现 openKejuPanel 各态 ===
  OK   [无考试·enabled] 开面板未抛错
  OK   [无考试·未启用] 开面板未抛错
  OK   [考试·stage=preliminary] 开面板未抛错
  OK   [考试·stage=preliminary_local] 开面板未抛错
  OK   [考试·stage=preliminary_provincial] 开面板未抛错
  OK   [考试·stage=examiner_select] 开面板未抛错
  OK   [考试·stage=huishi_draft] 开面板未抛错
  OK   [考试·stage=huishi] 开面板未抛错
  THROW [考试·stage=dianshi_draft] Cannot read properties of undefined (reading 'passedCount')
        at renderDianshiStage (tm-keju-runtime.js:1107:59)
        at renderKejuStage (tm-keju-runtime.js:448:10)
        at showKejuModal (tm-keju-runtime.js:423:3)
        at Object.openKejuPanel (tm-keju.js:113:5)
        at tryOpen (C:\Users\37814\Desktop\tianming\web\scripts\repro-keju-open.js:88:13)
        at C:\Users\37814\Desktop\tianming\web\scripts\repro-keju-open.js:104:3
  THROW [考试·stage=dianshi] Cannot read properties of undefined (reading 'passedCount')
        at renderDianshiStage (tm-keju-runtime.js:1107:59)
        at renderKejuStage (tm-keju-runtime.js:450:5)
        at showKejuModal (tm-keju-runtime.js:423:3)
        at Object.openKejuPanel (tm-keju.js:113:5)
        at tryOpen (C:\Users\37814\Desktop\tianming\web\scripts\repro-keju-open.js:88:13)
        at C:\Users\37814\Desktop\tianming\web\scripts\repro-keju-open.js:104:3
  OK   [考试·stage=finished] 开面板未抛错

[repro] done
[map-data-missing] retry 1: {
  retry: 1,
  mapDataExists: false,
  regionsLen: 0,
  gmMapData: false,
  gmMapRegions: 0,
  pMap: false,
  pMapData: false,
  tmMapRt: true,
  mingRegions: 0
}
[map-data-missing] retry 21: {
  retry: 21,
  mapDataExists: false,
  regionsLen: 0,
  gmMapData: false,
  gmMapRegions: 0,
  pMap: false,
  pMapData: false,
  tmMapRt: true,
  mingRegions: 0
}
[map-data-missing] retry 41: {
  retry: 41,
  mapDataExists: false,
  regionsLen: 0,
  gmMapData: false,
  gmMapRegions: 0,
  pMap: false,
  pMapData: false,
  tmMapRt: true,
  mingRegions: 0
}
[map-data-missing] retry 61: {
  retry: 61,
  mapDataExists: false,
  regionsLen: 0,
  gmMapData: false,
  gmMapRegions: 0,
  pMap: false,
  pMapData: false,
  tmMapRt: true,
  mingRegions: 0
}
[map-data-missing] retry 80: {
  retry: 80,
  mapDataExists: false,
  regionsLen: 0,
  gmMapData: false,
  gmMapRegions: 0,
  pMap: false,
  pMapData: false,
  tmMapRt: true,
  mingRegions: 0
}
[map-data-missing] retry 81: {
  retry: 81,
  mapDataExists: false,
  regionsLen: 0,
  gmMapData: false,
  gmMapRegions: 0,
  pMap: false,
  pMapData: false,
  tmMapRt: true,
  mingRegions: 0
}
[map-data-missing] retry 101: {
  retry: 101,
  mapDataExists: false,
  regionsLen: 0,
  gmMapData: false,
  gmMapRegions: 0,
  pMap: false,
  pMapData: false,
  tmMapRt: true,
  mingRegions: 0
}
[map-data-missing] retry 121: {
  retry: 121,
  mapDataExists: false,
  regionsLen: 0,
  gmMapData: false,
  gmMapRegions: 0,
  pMap: false,
  pMapData: false,
  tmMapRt: true,
  mingRegions: 0
}
[map-data-missing] retry 141: {
  retry: 141,
  mapDataExists: false,
  regionsLen: 0,
  gmMapData: false,
  gmMapRegions: 0,
  pMap: false,
  pMapData: false,
  tmMapRt: true,
  mingRegions: 0
}
[map-data-missing] retry 161: {
  retry: 161,
  mapDataExists: false,
  regionsLen: 0,
  gmMapData: false,
  gmMapRegions: 0,
  pMap: false,
  pMapData: false,
  tmMapRt: true,
  mingRegions: 0
}
[map-data-missing] retry 181: {
  retry: 181,
  mapDataExists: false,
  regionsLen: 0,
  gmMapData: false,
  gmMapRegions: 0,
  pMap: false,
  pMapData: false,
  tmMapRt: true,
  mingRegions: 0
}
[map-data-missing] retry 201: {
  retry: 201,
  mapDataExists: false,
  regionsLen: 0,
  gmMapData: false,
  gmMapRegions: 0,
  pMap: false,
  pMapData: false,
  tmMapRt: true,
  mingRegions: 0
}
[map-data-missing] retry 221: {
  retry: 221,
  mapDataExists: false,
  regionsLen: 0,
  gmMapData: false,
  gmMapRegions: 0,
  pMap: false,
  pMapData: false,
  tmMapRt: true,
  mingRegions: 0
}
[map-data-missing] retry 241: {
  retry: 241,
  mapDataExists: false,
  regionsLen: 0,
  gmMapData: false,
  gmMapRegions: 0,
  pMap: false,
  pMapData: false,
  tmMapRt: true,
  mingRegions: 0
}
[map-data-missing] retry 261: {
  retry: 261,
  mapDataExists: false,
  regionsLen: 0,
  gmMapData: false,
  gmMapRegions: 0,
  pMap: false,
  pMapData: false,
  tmMapRt: true,
  mingRegions: 0
}
[map-data-missing] retry 281: {
  retry: 281,
  mapDataExists: false,
  regionsLen: 0,
  gmMapData: false,
  gmMapRegions: 0,
  pMap: false,
  pMapData: false,
  tmMapRt: true,
  mingRegions: 0
}
[map-data-missing] retry 301: {
  retry: 301,
  mapDataExists: false,
  regionsLen: 0,
  gmMapData: false,
  gmMapRegions: 0,
  pMap: false,
  pMapData: false,
  tmMapRt: true,
  mingRegions: 0
}
[map-data-missing] retry 321: {
  retry: 321,
  mapDataExists: false,
  regionsLen: 0,
  gmMapData: false,
  gmMapRegions: 0,
  pMap: false,
  pMapData: false,
  tmMapRt: true,
  mingRegions: 0
}
[map-data-missing] retry 341: {
  retry: 341,
  mapDataExists: false,
  regionsLen: 0,
  gmMapData: false,
  gmMapRegions: 0,
  pMap: false,
  pMapData: false,
  tmMapRt: true,
  mingRegions: 0
}
[map-data-missing] retry 361: {
  retry: 361,
  mapDataExists: false,
  regionsLen: 0,
  gmMapData: false,
  gmMapRegions: 0,
  pMap: false,
  pMapData: false,
  tmMapRt: true,
  mingRegions: 0
}
[map-data-missing] retry 381: {
  retry: 381,
  mapDataExists: false,
  regionsLen: 0,
  gmMapData: false,
  gmMapRegions: 0,
  pMap: false,
  pMapData: false,
  tmMapRt: true,
  mingRegions: 0
}
[map-data-missing] retry 401: {
  retry: 401,
  mapDataExists: false,
  regionsLen: 0,
  gmMapData: false,
  gmMapRegions: 0,
  pMap: false,
  pMapData: false,
  tmMapRt: true,
  mingRegions: 0
}
[map-data-missing] retry 421: {
  retry: 421,
  mapDataExists: false,
  regionsLen: 0,
  gmMapData: false,
  gmMapRegions: 0,
  pMap: false,
  pMapData: false,
  tmMapRt: true,
  mingRegions: 0
}
[map-data-missing] retry 441: {
  retry: 441,
  mapDataExists: false,
  regionsLen: 0,
  gmMapData: false,
  gmMapRegions: 0,
  pMap: false,
  pMapData: false,
  tmMapRt: true,
  mingRegions: 0
}
[map-data-missing] retry 461: {
  retry: 461,
  mapDataExists: false,
  regionsLen: 0,
  gmMapData: false,
  gmMapRegions: 0,
  pMap: false,
  pMapData: false,
  tmMapRt: true,
  mingRegions: 0
}
[map-data-missing] retry 481: {
  retry: 481,
  mapDataExists: false,
  regionsLen: 0,
  gmMapData: false,
  gmMapRegions: 0,
  pMap: false,
  pMapData: false,
  tmMapRt: true,
  mingRegions: 0
}
[map-data-missing] retry 501: {
  retry: 501,
  mapDataExists: false,
  regionsLen: 0,
  gmMapData: false,
  gmMapRegions: 0,
  pMap: false,
  pMapData: false,
  tmMapRt: true,
  mingRegions: 0
}
[map-data-missing] retry 521: {
  retry: 521,
  mapDataExists: false,
  regionsLen: 0,
  gmMapData: false,
  gmMapRegions: 0,
  pMap: false,
  pMapData: false,
  tmMapRt: true,
  mingRegions: 0
}
[map-data-missing] retry 541: {
  retry: 541,
  mapDataExists: false,
  regionsLen: 0,
  gmMapData: false,
  gmMapRegions: 0,
  pMap: false,
  pMapData: false,
  tmMapRt: true,
  mingRegions: 0
}
[map-data-missing] retry 561: {
  retry: 561,
  mapDataExists: false,
  regionsLen: 0,
  gmMapData: false,
  gmMapRegions: 0,
  pMap: false,
  pMapData: false,
  tmMapRt: true,
  mingRegions: 0
}
[map-data-missing] retry 581: {
  retry: 581,
  mapDataExists: false,
  regionsLen: 0,
  gmMapData: false,
  gmMapRegions: 0,
  pMap: false,
  pMapData: false,
  tmMapRt: true,
  mingRegions: 0
}
[map-data-missing] retry 601: {
  retry: 601,
  mapDataExists: false,
  regionsLen: 0,
  gmMapData: false,
  gmMapRegions: 0,
  pMap: false,
  pMapData: false,
  tmMapRt: true,
  mingRegions: 0
}
[map-data-missing] retry 621: {
  retry: 621,
  mapDataExists: false,
  regionsLen: 0,
  gmMapData: false,
  gmMapRegions: 0,
  pMap: false,
  pMapData: false,
  tmMapRt: true,
  mingRegions: 0
}
[map-data-missing] retry 641: {
  retry: 641,
  mapDataExists: false,
  regionsLen: 0,
  gmMapData: false,
  gmMapRegions: 0,
  pMap: false,
  pMapData: false,
  tmMapRt: true,
  mingRegions: 0
}
[map-data-missing] retry 661: {
  retry: 661,
  mapDataExists: false,
  regionsLen: 0,
  gmMapData: false,
  gmMapRegions: 0,
  pMap: false,
  pMapData: false,
  tmMapRt: true,
  mingRegions: 0
}
[map-data-missing] retry 681: {
  retry: 681,
  mapDataExists: false,
  regionsLen: 0,
  gmMapData: false,
  gmMapRegions: 0,
  pMap: false,
  pMapData: false,
  tmMapRt: true,
  mingRegions: 0
}
[map-data-missing] retry 701: {
  retry: 701,
  mapDataExists: false,
  regionsLen: 0,
  gmMapData: false,
  gmMapRegions: 0,
  pMap: false,
  pMapData: false,
  tmMapRt: true,
  mingRegions: 0
}
[map-data-missing] retry 721: {
  retry: 721,
  mapDataExists: false,
  regionsLen: 0,
  gmMapData: false,
  gmMapRegions: 0,
  pMap: false,
  pMapData: false,
  tmMapRt: true,
  mingRegions: 0
}
[map-data-missing] retry 741: {
  retry: 741,
  mapDataExists: false,
  regionsLen: 0,
  gmMapData: false,
  gmMapRegions: 0,
  pMap: false,
  pMapData: false,
  tmMapRt: true,
  mingRegions: 0
}
[map-data-missing] retry 761: {
  retry: 761,
  mapDataExists: false,
  regionsLen: 0,
  gmMapData: false,
  gmMapRegions: 0,
  pMap: false,
  pMapData: false,
  tmMapRt: true,
  mingRegions: 0
}
[map-data-missing] retry 781: {
  retry: 781,
  mapDataExists: false,
  regionsLen: 0,
  gmMapData: false,
  gmMapRegions: 0,
  pMap: false,
  pMapData: false,
  tmMapRt: true,
  mingRegions: 0
}
[map-data-missing] retry 801: {
  retry: 801,
  mapDataExists: false,
  regionsLen: 0,
  gmMapData: false,
  gmMapRegions: 0,
  pMap: false,
  pMapData: false,
  tmMapRt: true,
  mingRegions: 0
}
[map-data-missing] retry 821: {
  retry: 821,
  mapDataExists: false,
  regionsLen: 0,
  gmMapData: false,
  gmMapRegions: 0,
  pMap: false,
  pMapData: false,
  tmMapRt: true,
  mingRegions: 0
}
[map-data-missing] retry 841: {
  retry: 841,
  mapDataExists: false,
  regionsLen: 0,
  gmMapData: false,
  gmMapRegions: 0,
  pMap: false,
  pMapData: false,
  tmMapRt: true,
  mingRegions: 0
}
[map-data-missing] retry 861: {
  retry: 861,
  mapDataExists: false,
  regionsLen: 0,
  gmMapData: false,
  gmMapRegions: 0,
  pMap: false,
  pMapData: false,
  tmMapRt: true,
  mingRegions: 0
}
[map-data-missing] retry 881: {
  retry: 881,
  mapDataExists: false,
  regionsLen: 0,
  gmMapData: false,
  gmMapRegions: 0,
  pMap: false,
  pMapData: false,
  tmMapRt: true,
  mingRegions: 0
}
[map-data-missing] retry 901: {
  retry: 901,
  mapDataExists: false,
  regionsLen: 0,
  gmMapData: false,
  gmMapRegions: 0,
  pMap: false,
  pMapData: false,
  tmMapRt: true,
  mingRegions: 0
}
[map-data-missing] retry 921: {
  retry: 921,
  mapDataExists: false,
  regionsLen: 0,
  gmMapData: false,
  gmMapRegions: 0,
  pMap: false,
  pMapData: false,
  tmMapRt: true,
  mingRegions: 0
}
[map-data-missing] retry 941: {
  retry: 941,
  mapDataExists: false,
  regionsLen: 0,
  gmMapData: false,
  gmMapRegions: 0,
  pMap: false,
  pMapData: false,
  tmMapRt: true,
  mingRegions: 0
}
[map-data-missing] retry 961: {
  retry: 961,
  mapDataExists: false,
  regionsLen: 0,
  gmMapData: false,
  gmMapRegions: 0,
  pMap: false,
  pMapData: false,
  tmMapRt: true,
  mingRegions: 0
}
[map-data-missing] retry 981: {
  retry: 981,
  mapDataExists: false,
  regionsLen: 0,
  gmMapData: false,
  gmMapRegions: 0,
  pMap: false,
  pMapData: false,
  tmMapRt: true,
  mingRegions: 0
}
[map-data-missing] retry 1001: {
  retry: 1001,
  mapDataExists: false,
  regionsLen: 0,
  gmMapData: false,
  gmMapRegions: 0,
  pMap: false,
  pMapData: false,
  tmMapRt: true,
  mingRegions: 0
}
[map-data-missing] retry 1021: {
  retry: 1021,
  mapDataExists: false,
  regionsLen: 0,
  gmMapData: false,
  gmMapRegions: 0,
  pMap: false,
  pMapData: false,
  tmMapRt: true,
  mingRegions: 0
}
[map-data-missing] retry 1041: {
  retry: 1041,
  mapDataExists: false,
  regionsLen: 0,
  gmMapData: false,
  gmMapRegions: 0,
  pMap: false,
  pMapData: false,
  tmMapRt: true,
  mingRegions: 0
}
[map-data-missing] retry 1061: {
  retry: 1061,
  mapDataExists: false,
  regionsLen: 0,
  gmMapData: false,
  gmMapRegions: 0,
  pMap: false,
  pMapData: false,
  tmMapRt: true,
  mingRegions: 0
}
[map-data-missing] retry 1081: {
  retry: 1081,
  mapDataExists: false,
  regionsLen: 0,
  gmMapData: false,
  gmMapRegions: 0,
  pMap: false,
  pMapData: false,
  tmMapRt: true,
  mingRegions: 0
}
[map-data-missing] retry 1101: {
  retry: 1101,
  mapDataExists: false,
  regionsLen: 0,
  gmMapData: false,
  gmMapRegions: 0,
  pMap: false,
  pMapData: false,
  tmMapRt: true,
  mingRegions: 0
}
[map-data-missing] retry 1121: {
  retry: 1121,
  mapDataExists: false,
  regionsLen: 0,
  gmMapData: false,
  gmMapRegions: 0,
  pMap: false,
  pMapData: false,
  tmMapRt: true,
  mingRegions: 0
}
[map-data-missing] retry 1141: {
  retry: 1141,
  mapDataExists: false,
  regionsLen: 0,
  gmMapData: false,
  gmMapRegions: 0,
  pMap: false,
  pMapData: false,
  tmMapRt: true,
  mingRegions: 0
}
[map-data-missing] retry 1161: {
  retry: 1161,
  mapDataExists: false,
  regionsLen: 0,
  gmMapData: false,
  gmMapRegions: 0,
  pMap: false,
  pMapData: false,
  tmMapRt: true,
  mingRegions: 0
}
[map-data-missing] retry 1181: {
  retry: 1181,
  mapDataExists: false,
  regionsLen: 0,
  gmMapData: false,
  gmMapRegions: 0,
  pMap: false,
  pMapData: false,
  tmMapRt: true,
  mingRegions: 0
}
[map-data-missing] retry 1201: {
  retry: 1201,
  mapDataExists: false,
  regionsLen: 0,
  gmMapData: false,
  gmMapRegions: 0,
  pMap: false,
  pMapData: false,
  tmMapRt: true,
  mingRegions: 0
}
[map-data-missing] retry 1221: {
  retry: 1221,
  mapDataExists: false,
  regionsLen: 0,
  gmMapData: false,
  gmMapRegions: 0,
  pMap: false,
  pMapData: false,
  tmMapRt: true,
  mingRegions: 0
}
[map-data-missing] retry 1241: {
  retry: 1241,
  mapDataExists: false,
  regionsLen: 0,
  gmMapData: false,
  gmMapRegions: 0,
  pMap: false,
  pMapData: false,
  tmMapRt: true,
  mingRegions: 0
}
[map-data-missing] retry 1261: {
  retry: 1261,
  mapDataExists: false,
  regionsLen: 0,
  gmMapData: false,
  gmMapRegions: 0,
  pMap: false,
  pMapData: false,
  tmMapRt: true,
  mingRegions: 0
}
[map-data-missing] retry 1281: {
  retry: 1281,
  mapDataExists: false,
  regionsLen: 0,
  gmMapData: false,
  gmMapRegions: 0,
  pMap: false,
  pMapData: false,
  tmMapRt: true,
  mingRegions: 0
}
[map-data-missing] retry 1301: {
  retry: 1301,
  mapDataExists: false,
  regionsLen: 0,
  gmMapData: false,
  gmMapRegions: 0,
  pMap: false,
  pMapData: false,
  tmMapRt: true,
  mingRegions: 0
}
[map-data-missing] retry 1321: {
  retry: 1321,
  mapDataExists: false,
  regionsLen: 0,
  gmMapData: false,
  gmMapRegions: 0,
  pMap: false,
  pMapData: false,
  tmMapRt: true,
  mingRegions: 0
}
[map-data-missing] retry 1341: {
  retry: 1341,
  mapDataExists: false,
  regionsLen: 0,
  gmMapData: false,
  gmMapRegions: 0,
  pMap: false,
  pMapData: false,
  tmMapRt: true,
  mingRegions: 0
}
[map-data-missing] retry 1361: {
  retry: 1361,
  mapDataExists: false,
  regionsLen: 0,
  gmMapData: false,
  gmMapRegions: 0,
  pMap: false,
  pMapData: false,
  tmMapRt: true,
  mingRegions: 0
}
[map-data-missing] retry 1381: {
  retry: 1381,
  mapDataExists: false,
  regionsLen: 0,
  gmMapData: false,
  gmMapRegions: 0,
  pMap: false,
  pMapData: false,
  tmMapRt: true,
  mingRegions: 0
}
[map-data-missing] retry 1401: {
  retry: 1401,
  mapDataExists: false,
  regionsLen: 0,
  gmMapData: false,
  gmMapRegions: 0,
  pMap: false,
  pMapData: false,
  tmMapRt: true,
  mingRegions: 0
}
[map-data-missing] retry 1421: {
  retry: 1421,
  mapDataExists: false,
  regionsLen: 0,
  gmMapData: false,
  gmMapRegions: 0,
  pMap: false,
  pMapData: false,
  tmMapRt: true,
  mingRegions: 0
}
[map-data-missing] retry 1441: {
  retry: 1441,
  mapDataExists: false,
  regionsLen: 0,
  gmMapData: false,
  gmMapRegions: 0,
  pMap: false,
  pMapData: false,
  tmMapRt: true,
  mingRegions: 0
}
[map-data-missing] retry 1461: {
  retry: 1461,
  mapDataExists: false,
  regionsLen: 0,
  gmMapData: false,
  gmMapRegions: 0,
  pMap: false,
  pMapData: false,
  tmMapRt: true,
  mingRegions: 0
}
[map-data-missing] retry 1481: {
  retry: 1481,
  mapDataExists: false,
  regionsLen: 0,
  gmMapData: false,
  gmMapRegions: 0,
  pMap: false,
  pMapData: false,
  tmMapRt: true,
  mingRegions: 0
}
[map-data-missing] retry 1501: {
  retry: 1501,
  mapDataExists: false,
  regionsLen: 0,
  gmMapData: false,
  gmMapRegions: 0,
  pMap: false,
  pMapData: false,
  tmMapRt: true,
  mingRegions: 0
}
[map-data-missing] retry 1521: {
  retry: 1521,
  mapDataExists: false,
  regionsLen: 0,
  gmMapData: false,
  gmMapRegions: 0,
  pMap: false,
  pMapData: false,
  tmMapRt: true,
  mingRegions: 0
}
[map-data-missing] retry 1541: {
  retry: 1541,
  mapDataExists: false,
  regionsLen: 0,
  gmMapData: false,
  gmMapRegions: 0,
  pMap: false,
  pMapData: false,
  tmMapRt: true,
  mingRegions: 0
}
[map-data-missing] retry 1561: {
  retry: 1561,
  mapDataExists: false,
  regionsLen: 0,
  gmMapData: false,
  gmMapRegions: 0,
  pMap: false,
  pMapData: false,
  tmMapRt: true,
  mingRegions: 0
}
[map-data-missing] retry 1581: {
  retry: 1581,
  mapDataExists: false,
  regionsLen: 0,
  gmMapData: false,
  gmMapRegions: 0,
  pMap: false,
  pMapData: false,
  tmMapRt: true,
  mingRegions: 0
}
[map-data-missing] retry 1601: {
  retry: 1601,
  mapDataExists: false,
  regionsLen: 0,
  gmMapData: false,
  gmMapRegions: 0,
  pMap: false,
  pMapData: false,
  tmMapRt: true,
  mingRegions: 0
}
[map-data-missing] retry 1621: {
  retry: 1621,
  mapDataExists: false,
  regionsLen: 0,
  gmMapData: false,
  gmMapRegions: 0,
  pMap: false,
  pMapData: false,
  tmMapRt: true,
  mingRegions: 0
}
[map-data-missing] retry 1641: {
  retry: 1641,
  mapDataExists: false,
  regionsLen: 0,
  gmMapData: false,
  gmMapRegions: 0,
  pMap: false,
  pMapData: false,
  tmMapRt: true,
  mingRegions: 0
}
[map-data-missing] retry 1661: {
  retry: 1661,
  mapDataExists: false,
  regionsLen: 0,
  gmMapData: false,
  gmMapRegions: 0,
  pMap: false,
  pMapData: false,
  tmMapRt: true,
  mingRegions: 0
}
[map-data-missing] retry 1681: {
  retry: 1681,
  mapDataExists: false,
  regionsLen: 0,
  gmMapData: false,
  gmMapRegions: 0,
  pMap: false,
  pMapData: false,
  tmMapRt: true,
  mingRegions: 0
}
[map-data-missing] retry 1701: {
  retry: 1701,
  mapDataExists: false,
  regionsLen: 0,
  gmMapData: false,
  gmMapRegions: 0,
  pMap: false,
  pMapData: false,
  tmMapRt: true,
  mingRegions: 0
}
[map-data-missing] retry 1721: {
  retry: 1721,
  mapDataExists: false,
  regionsLen: 0,
  gmMapData: false,
  gmMapRegions: 0,
  pMap: false,
  pMapData: false,
  tmMapRt: true,
  mingRegions: 0
}
[map-data-missing] retry 1741: {
  retry: 1741,
  mapDataExists: false,
  regionsLen: 0,
  gmMapData: false,
  gmMapRegions: 0,
  pMap: false,
  pMapData: false,
  tmMapRt: true,
  mingRegions: 0
}
[map-data-missing] retry 1761: {
  retry: 1761,
  mapDataExists: false,
  regionsLen: 0,
  gmMapData: false,
  gmMapRegions: 0,
  pMap: false,
  pMapData: false,
  tmMapRt: true,
  mingRegions: 0
}
[map-data-missing] retry 1781: {
  retry: 1781,
  mapDataExists: false,
  regionsLen: 0,
  gmMapData: false,
  gmMapRegions: 0,
  pMap: false,
  pMapData: false,
  tmMapRt: true,
  mingRegions: 0
}
[map-data-missing] retry 1801: {
  retry: 1801,
  mapDataExists: false,
  regionsLen: 0,
  gmMapData: false,
  gmMapRegions: 0,
  pMap: false,
  pMapData: false,
  tmMapRt: true,
  mingRegions: 0
}
[map-data-missing] retry 1821: {
  retry: 1821,
  mapDataExists: false,
  regionsLen: 0,
  gmMapData: false,
  gmMapRegions: 0,
  pMap: false,
  pMapData: false,
  tmMapRt: true,
  mingRegions: 0
}
[map-data-missing] retry 1841: {
  retry: 1841,
  mapDataExists: false,
  regionsLen: 0,
  gmMapData: false,
  gmMapRegions: 0,
  pMap: false,
  pMapData: false,
  tmMapRt: true,
  mingRegions: 0
}
[map-data-missing] retry 1861: {
  retry: 1861,
  mapDataExists: false,
  regionsLen: 0,
  gmMapData: false,
  gmMapRegions: 0,
  pMap: false,
  pMapData: false,
  tmMapRt: true,
  mingRegions: 0
}
[map-data-missing] retry 1881: {
  retry: 1881,
  mapDataExists: false,
  regionsLen: 0,
  gmMapData: false,
  gmMapRegions: 0,
  pMap: false,
  pMapData: false,
  tmMapRt: true,
  mingRegions: 0
}
[map-data-missing] retry 1901: {
  retry: 1901,
  mapDataExists: false,
  regionsLen: 0,
  gmMapData: false,
  gmMapRegions: 0,
  pMap: false,
  pMapData: false,
  tmMapRt: true,
  mingRegions: 0
}
[map-data-missing] retry 1921: {
  retry: 1921,
  mapDataExists: false,
  regionsLen: 0,
  gmMapData: false,
  gmMapRegions: 0,
  pMap: false,
  pMapData: false,
  tmMapRt: true,
  mingRegions: 0
}
[map-data-missing] retry 1941: {
  retry: 1941,
  mapDataExists: false,
  regionsLen: 0,
  gmMapData: false,
  gmMapRegions: 0,
  pMap: false,
  pMapData: false,
  tmMapRt: true,
  mingRegions: 0
}
[map-data-missing] retry 1961: {
  retry: 1961,
  mapDataExists: false,
  regionsLen: 0,
  gmMapData: false,
  gmMapRegions: 0,
  pMap: false,
  pMapData: false,
  tmMapRt: true,
  mingRegions: 0
}
[map-data-missing] retry 1981: {
  retry: 1981,
  mapDataExists: false,
  regionsLen: 0,
  gmMapData: false,
  gmMapRegions: 0,
  pMap: false,
  pMapData: false,
  tmMapRt: true,
  mingRegions: 0
}
[map-data-missing] retry 2001: {
  retry: 2001,
  mapDataExists: false,
  regionsLen: 0,
  gmMapData: false,
  gmMapRegions: 0,
  pMap: false,
  pMapData: false,
  tmMapRt: true,
  mingRegions: 0
}
[map-data-missing] retry 2021: {
  retry: 2021,
  mapDataExists: false,
  regionsLen: 0,
  gmMapData: false,
  gmMapRegions: 0,
  pMap: false,
  pMapData: false,
  tmMapRt: true,
  mingRegions: 0
}
[map-data-missing] retry 2041: {
  retry: 2041,
  mapDataExists: false,
  regionsLen: 0,
  gmMapData: false,
  gmMapRegions: 0,
  pMap: false,
  pMapData: false,
  tmMapRt: true,
  mingRegions: 0
}
[map-data-missing] retry 2061: {
  retry: 2061,
  mapDataExists: false,
  regionsLen: 0,
  gmMapData: false,
  gmMapRegions: 0,
  pMap: false,
  pMapData: false,
  tmMapRt: true,
  mingRegions: 0
}
[map-data-missing] retry 2081: {
  retry: 2081,
  mapDataExists: false,
  regionsLen: 0,
  gmMapData: false,
  gmMapRegions: 0,
  pMap: false,
  pMapData: false,
  tmMapRt: true,
  mingRegions: 0
}
[map-data-missing] retry 2101: {
  retry: 2101,
  mapDataExists: false,
  regionsLen: 0,
  gmMapData: false,
  gmMapRegions: 0,
  pMap: false,
  pMapData: false,
  tmMapRt: true,
  mingRegions: 0
}
[map-data-missing] retry 2121: {
  retry: 2121,
  mapDataExists: false,
  regionsLen: 0,
  gmMapData: false,
  gmMapRegions: 0,
  pMap: false,
  pMapData: false,
  tmMapRt: true,
  mingRegions: 0
}
[map-data-missing] retry 2141: {
  retry: 2141,
  mapDataExists: false,
  regionsLen: 0,
  gmMapData: false,
  gmMapRegions: 0,
  pMap: false,
  pMapData: false,
  tmMapRt: true,
  mingRegions: 0
}
[map-data-missing] retry 2161: {
  retry: 2161,
  mapDataExists: false,
  regionsLen: 0,
  gmMapData: false,
  gmMapRegions: 0,
  pMap: false,
  pMapData: false,
  tmMapRt: true,
  mingRegions: 0
}
[map-data-missing] retry 2181: {
  retry: 2181,
  mapDataExists: false,
  regionsLen: 0,
  gmMapData: false,
  gmMapRegions: 0,
  pMap: false,
  pMapData: false,
  tmMapRt: true,
  mingRegions: 0
}
[map-data-missing] retry 2201: {
  retry: 2201,
  mapDataExists: false,
  regionsLen: 0,
  gmMapData: false,
  gmMapRegions: 0,
  pMap: false,
  pMapData: false,
  tmMapRt: true,
  mingRegions: 0
}
[map-data-missing] retry 2221: {
  retry: 2221,
  mapDataExists: false,
  regionsLen: 0,
  gmMapData: false,
  gmMapRegions: 0,
  pMap: false,
  pMapData: false,
  tmMapRt: true,
  mingRegions: 0
}
[map-data-missing] retry 2241: {
  retry: 2241,
  mapDataExists: false,
  regionsLen: 0,
  gmMapData: false,
  gmMapRegions: 0,
  pMap: false,
  pMapData: false,
  tmMapRt: true,
  mingRegions: 0
}
[map-data-missing] retry 2261: {
  retry: 2261,
  mapDataExists: false,
  regionsLen: 0,
  gmMapData: false,
  gmMapRegions: 0,
  pMap: false,
  pMapData: false,
  tmMapRt: true,
  mingRegions: 0
}
[map-data-missing] retry 2281: {
  retry: 2281,
  mapDataExists: false,
  regionsLen: 0,
  gmMapData: false,
  gmMapRegions: 0,
  pMap: false,
  pMapData: false,
  tmMapRt: true,
  mingRegions: 0
}
[map-data-missing] retry 2301: {
  retry: 2301,
  mapDataExists: false,
  regionsLen: 0,
  gmMapData: false,
  gmMapRegions: 0,
  pMap: false,
  pMapData: false,
  tmMapRt: true,
  mingRegions: 0
}
[map-data-missing] retry 2321: {
  retry: 2321,
  mapDataExists: false,
  regionsLen: 0,
  gmMapData: false,
  gmMapRegions: 0,
  pMap: false,
  pMapData: false,
  tmMapRt: true,
  mingRegions: 0
}
[map-data-missing] retry 2341: {
  retry: 2341,
  mapDataExists: false,
  regionsLen: 0,
  gmMapData: false,
  gmMapRegions: 0,
  pMap: false,
  pMapData: false,
  tmMapRt: true,
  mingRegions: 0
}
[map-data-missing] retry 2361: {
  retry: 2361,
  mapDataExists: false,
  regionsLen: 0,
  gmMapData: false,
  gmMapRegions: 0,
  pMap: false,
  pMapData: false,
  tmMapRt: true,
  mingRegions: 0
}
[map-data-missing] retry 2381: {
  retry: 2381,
  mapDataExists: false,
  regionsLen: 0,
  gmMapData: false,
  gmMapRegions: 0,
  pMap: false,
  pMapData: false,
  tmMapRt: true,
  mingRegions: 0
}
[map-data-missing] retry 2401: {
  retry: 2401,
  mapDataExists: false,
  regionsLen: 0,
  gmMapData: false,
  gmMapRegions: 0,
  pMap: false,
  pMapData: false,
  tmMapRt: true,
  mingRegions: 0
}
[map-data-missing] retry 2421: {
  retry: 2421,
  mapDataExists: false,
  regionsLen: 0,
  gmMapData: false,
  gmMapRegions: 0,
  pMap: false,
  pMapData: false,
  tmMapRt: true,
  mingRegions: 0
}
[map-data-missing] retry 2441: {
  retry: 2441,
  mapDataExists: false,
  regionsLen: 0,
  gmMapData: false,
  gmMapRegions: 0,
  pMap: false,
  pMapData: false,
  tmMapRt: true,
  mingRegions: 0
}
[map-data-missing] retry 2461: {
  retry: 2461,
  mapDataExists: false,
  regionsLen: 0,
  gmMapData: false,
  gmMapRegions: 0,
  pMap: false,
  pMapData: false,
  tmMapRt: true,
  mingRegions: 0
}
[map-data-missing] retry 2481: {
  retry: 2481,
  mapDataExists: false,
  regionsLen: 0,
  gmMapData: false,
  gmMapRegions: 0,
  pMap: false,
  pMapData: false,
  tmMapRt: true,
  mingRegions: 0
}
[map-data-missing] retry 2501: {
  retry: 2501,
  mapDataExists: false,
  regionsLen: 0,
  gmMapData: false,
  gmMapRegions: 0,
  pMap: false,
  pMapData: false,
  tmMapRt: true,
  mingRegions: 0
}
[map-data-missing] retry 2521: {
  retry: 2521,
  mapDataExists: false,
  regionsLen: 0,
  gmMapData: false,
  gmMapRegions: 0,
  pMap: false,
  pMapData: false,
  tmMapRt: true,
  mingRegions: 0
}
[map-data-missing] retry 2541: {
  retry: 2541,
  mapDataExists: false,
  regionsLen: 0,
  gmMapData: false,
  gmMapRegions: 0,
  pMap: false,
  pMapData: false,
  tmMapRt: true,
  mingRegions: 0
}
[map-data-missing] retry 2561: {
  retry: 2561,
  mapDataExists: false,
  regionsLen: 0,
  gmMapData: false,
  gmMapRegions: 0,
  pMap: false,
  pMapData: false,
  tmMapRt: true,
  mingRegions: 0
}
[map-data-missing] retry 2581: {
  retry: 2581,
  mapDataExists: false,
  regionsLen: 0,
  gmMapData: false,
  gmMapRegions: 0,
  pMap: false,
  pMapData: false,
  tmMapRt: true,
  mingRegions: 0
}
[map-data-missing] retry 2601: {
  retry: 2601,
  mapDataExists: false,
  regionsLen: 0,
  gmMapData: false,
  gmMapRegions: 0,
  pMap: false,
  pMapData: false,
  tmMapRt: true,
  mingRegions: 0
}
[map-data-missing] retry 2621: {
  retry: 2621,
  mapDataExists: false,
  regionsLen: 0,
  gmMapData: false,
  gmMapRegions: 0,
  pMap: false,
  pMapData: false,
  tmMapRt: true,
  mingRegions: 0
}
[map-data-missing] retry 2641: {
  retry: 2641,
  mapDataExists: false,
  regionsLen: 0,
  gmMapData: false,
  gmMapRegions: 0,
  pMap: false,
  pMapData: false,
  tmMapRt: true,
  mingRegions: 0
}
[map-data-missing] retry 2661: {
  retry: 2661,
  mapDataExists: false,
  regionsLen: 0,
  gmMapData: false,
  gmMapRegions: 0,
  pMap: false,
  pMapData: false,
  tmMapRt: true,
  mingRegions: 0
}
[map-data-missing] retry 2681: {
  retry: 2681,
  mapDataExists: false,
  regionsLen: 0,
  gmMapData: false,
  gmMapRegions: 0,
  pMap: false,
  pMapData: false,
  tmMapRt: true,
  mingRegions: 0
}
[map-data-missing] retry 2701: {
  retry: 2701,
  mapDataExists: false,
  regionsLen: 0,
  gmMapData: false,
  gmMapRegions: 0,
  pMap: false,
  pMapData: false,
  tmMapRt: true,
  mingRegions: 0
}
[map-data-missing] retry 2721: {
  retry: 2721,
  mapDataExists: false,
  regionsLen: 0,
  gmMapData: false,
  gmMapRegions: 0,
  pMap: false,
  pMapData: false,
  tmMapRt: true,
  mingRegions: 0
}
[map-data-missing] retry 2741: {
  retry: 2741,
  mapDataExists: false,
  regionsLen: 0,
  gmMapData: false,
  gmMapRegions: 0,
  pMap: false,
  pMapData: false,
  tmMapRt: true,
  mingRegions: 0
}
[map-data-missing] retry 2761: {
  retry: 2761,
  mapDataExists: false,
  regionsLen: 0,
  gmMapData: false,
  gmMapRegions: 0,
  pMap: false,
  pMapData: false,
  tmMapRt: true,
  mingRegions: 0
}
[map-data-missing] retry 2781: {
  retry: 2781,
  mapDataExists: false,
  regionsLen: 0,
  gmMapData: false,
  gmMapRegions: 0,
  pMap: false,
  pMapData: false,
  tmMapRt: true,
  mingRegions: 0
}
[map-data-missing] retry 2801: {
  retry: 2801,
  mapDataExists: false,
  regionsLen: 0,
  gmMapData: false,
  gmMapRegions: 0,
  pMap: false,
  pMapData: false,
  tmMapRt: true,
  mingRegions: 0
}
[map-data-missing] retry 2821: {
  retry: 2821,
  mapDataExists: false,
  regionsLen: 0,
  gmMapData: false,
  gmMapRegions: 0,
  pMap: false,
  pMapData: false,
  tmMapRt: true,
  mingRegions: 0
}
[map-data-missing] retry 2841: {
  retry: 2841,
  mapDataExists: false,
  regionsLen: 0,
  gmMapData: false,
  gmMapRegions: 0,
  pMap: false,
  pMapData: false,
  tmMapRt: true,
  mingRegions: 0
}
[map-data-missing] retry 2861: {
  retry: 2861,
  mapDataExists: false,
  regionsLen: 0,
  gmMapData: false,
  gmMapRegions: 0,
  pMap: false,
  pMapData: false,
  tmMapRt: true,
  mingRegions: 0
}
[map-data-missing] retry 2881: {
  retry: 2881,
  mapDataExists: false,
  regionsLen: 0,
  gmMapData: false,
  gmMapRegions: 0,
  pMap: false,
  pMapData: false,
  tmMapRt: true,
  mingRegions: 0
}
[map-data-missing] retry 2901: {
  retry: 2901,
  mapDataExists: false,
  regionsLen: 0,
  gmMapData: false,
  gmMapRegions: 0,
  pMap: false,
  pMapData: false,
  tmMapRt: true,
  mingRegions: 0
}
[map-data-missing] retry 2921: {
  retry: 2921,
  mapDataExists: false,
  regionsLen: 0,
  gmMapData: false,
  gmMapRegions: 0,
  pMap: false,
  pMapData: false,
  tmMapRt: true,
  mingRegions: 0
}
[map-data-missing] retry 2941: {
  retry: 2941,
  mapDataExists: false,
  regionsLen: 0,
  gmMapData: false,
  gmMapRegions: 0,
  pMap: false,
  pMapData: false,
  tmMapRt: true,
  mingRegions: 0
}
[map-data-missing] retry 2961: {
  retry: 2961,
  mapDataExists: false,
  regionsLen: 0,
  gmMapData: false,
  gmMapRegions: 0,
  pMap: false,
  pMapData: false,
  tmMapRt: true,
  mingRegions: 0
}
[map-data-missing] retry 2981: {
  retry: 2981,
  mapDataExists: false,
  regionsLen: 0,
  gmMapData: false,
  gmMapRegions: 0,
  pMap: false,
  pMapData: false,
  tmMapRt: true,
  mingRegions: 0
}
[map-data-missing] retry 3001: {
  retry: 3001,
  mapDataExists: false,
  regionsLen: 0,
  gmMapData: false,
  gmMapRegions: 0,
  pMap: false,
  pMapData: false,
  tmMapRt: true,
  mingRegions: 0
}
[map-data-missing] retry 3021: {
  retry: 3021,
  mapDataExists: false,
  regionsLen: 0,
  gmMapData: false,
  gmMapRegions: 0,
  pMap: false,
  pMapData: false,
  tmMapRt: true,
  mingRegions: 0
}
[map-data-missing] retry 3041: {
  retry: 3041,
  mapDataExists: false,
  regionsLen: 0,
  gmMapData: false,
  gmMapRegions: 0,
  pMap: false,
  pMapData: false,
  tmMapRt: true,
  mingRegions: 0
}
[map-data-missing] retry 3061: {
  retry: 3061,
  mapDataExists: false,
  regionsLen: 0,
  gmMapData: false,
  gmMapRegions: 0,
  pMap: false,
  pMapData: false,
  tmMapRt: true,
  mingRegions: 0
}
[map-data-missing] retry 3081: {
  retry: 3081,
  mapDataExists: false,
  regionsLen: 0,
  gmMapData: false,
  gmMapRegions: 0,
  pMap: false,
  pMapData: false,
  tmMapRt: true,
  mingRegions: 0
}
[map-data-missing] retry 3101: {
  retry: 3101,
  mapDataExists: false,
  regionsLen: 0,
  gmMapData: false,
  gmMapRegions: 0,
  pMap: false,
  pMapData: false,
  tmMapRt: true,
  mingRegions: 0
}
[map-data-missing] retry 3121: {
  retry: 3121,
  mapDataExists: false,
  regionsLen: 0,
  gmMapData: false,
  gmMapRegions: 0,
  pMap: false,
  pMapData: false,
  tmMapRt: true,
  mingRegions: 0
}
[map-data-missing] retry 3141: {
  retry: 3141,
  mapDataExists: false,
  regionsLen: 0,
  gmMapData: false,
  gmMapRegions: 0,
  pMap: false,
  pMapData: false,
  tmMapRt: true,
  mingRegions: 0
}
[map-data-missing] retry 3161: {
  retry: 3161,
  mapDataExists: false,
  regionsLen: 0,
  gmMapData: false,
  gmMapRegions: 0,
  pMap: false,
  pMapData: false,
  tmMapRt: true,
  mingRegions: 0
}
[map-data-missing] retry 3181: {
  retry: 3181,
  mapDataExists: false,
  regionsLen: 0,
  gmMapData: false,
  gmMapRegions: 0,
  pMap: false,
  pMapData: false,
  tmMapRt: true,
  mingRegions: 0
}
[map-data-missing] retry 3201: {
  retry: 3201,
  mapDataExists: false,
  regionsLen: 0,
  gmMapData: false,
  gmMapRegions: 0,
  pMap: false,
  pMapData: false,
  tmMapRt: true,
  mingRegions: 0
}
[map-data-missing] retry 3221: {
  retry: 3221,
  mapDataExists: false,
  regionsLen: 0,
  gmMapData: false,
  gmMapRegions: 0,
  pMap: false,
  pMapData: false,
  tmMapRt: true,
  mingRegions: 0
}
[map-data-missing] retry 3241: {
  retry: 3241,
  mapDataExists: false,
  regionsLen: 0,
  gmMapData: false,
  gmMapRegions: 0,
  pMap: false,
  pMapData: false,
  tmMapRt: true,
  mingRegions: 0
}
[map-data-missing] retry 3261: {
  retry: 3261,
  mapDataExists: false,
  regionsLen: 0,
  gmMapData: false,
  gmMapRegions: 0,
  pMap: false,
  pMapData: false,
  tmMapRt: true,
  mingRegions: 0
}
[map-data-missing] retry 3281: {
  retry: 3281,
  mapDataExists: false,
  regionsLen: 0,
  gmMapData: false,
  gmMapRegions: 0,
  pMap: false,
  pMapData: false,
  tmMapRt: true,
  mingRegions: 0
}
[map-data-missing] retry 3301: {
  retry: 3301,
  mapDataExists: false,
  regionsLen: 0,
  gmMapData: false,
  gmMapRegions: 0,
  pMap: false,
  pMapData: false,
  tmMapRt: true,
  mingRegions: 0
}
[map-data-missing] retry 3321: {
  retry: 3321,
  mapDataExists: false,
  regionsLen: 0,
  gmMapData: false,
  gmMapRegions: 0,
  pMap: false,
  pMapData: false,
  tmMapRt: true,
  mingRegions: 0
}
[map-data-missing] retry 3341: {
  retry: 3341,
  mapDataExists: false,
  regionsLen: 0,
  gmMapData: false,
  gmMapRegions: 0,
  pMap: false,
  pMapData: false,
  tmMapRt: true,
  mingRegions: 0
}
[map-data-missing] retry 3361: {
  retry: 3361,
  mapDataExists: false,
  regionsLen: 0,
  gmMapData: false,
  gmMapRegions: 0,
  pMap: false,
  pMapData: false,
  tmMapRt: true,
  mingRegions: 0
}
[map-data-missing] retry 3381: {
  retry: 3381,
  mapDataExists: false,
  regionsLen: 0,
  gmMapData: false,
  gmMapRegions: 0,
  pMap: false,
  pMapData: false,
  tmMapRt: true,
  mingRegions: 0
}
[map-data-missing] retry 3401: {
  retry: 3401,
  mapDataExists: false,
  regionsLen: 0,
  gmMapData: false,
  gmMapRegions: 0,
  pMap: false,
  pMapData: false,
  tmMapRt: true,
  mingRegions: 0
}
[map-data-missing] retry 3421: {
  retry: 3421,
  mapDataExists: false,
  regionsLen: 0,
  gmMapData: false,
  gmMapRegions: 0,
  pMap: false,
  pMapData: false,
  tmMapRt: true,
  mingRegions: 0
}
[map-data-missing] retry 3441: {
  retry: 3441,
  mapDataExists: false,
  regionsLen: 0,
  gmMapData: false,
  gmMapRegions: 0,
  pMap: false,
  pMapData: false,
  tmMapRt: true,
  mingRegions: 0
}
[map-data-missing] retry 3461: {
  retry: 3461,
  mapDataExists: false,
  regionsLen: 0,
  gmMapData: false,
  gmMapRegions: 0,
  pMap: false,
  pMapData: false,
  tmMapRt: true,
  mingRegions: 0
}
[map-data-missing] retry 3481: {
  retry: 3481,
  mapDataExists: false,
  regionsLen: 0,
  gmMapData: false,
  gmMapRegions: 0,
  pMap: false,
  pMapData: false,
  tmMapRt: true,
  mingRegions: 0
}
[map-data-missing] retry 3501: {
  retry: 3501,
  mapDataExists: false,
  regionsLen: 0,
  gmMapData: false,
  gmMapRegions: 0,
  pMap: false,
  pMapData: false,
  tmMapRt: true,
  mingRegions: 0
}
[map-data-missing] retry 3521: {
  retry: 3521,
  mapDataExists: false,
  regionsLen: 0,
  gmMapData: false,
  gmMapRegions: 0,
  pMap: false,
  pMapData: false,
  tmMapRt: true,
  mingRegions: 0
}
[map-data-missing] retry 3541: {
  retry: 3541,
  mapDataExists: false,
  regionsLen: 0,
  gmMapData: false,
  gmMapRegions: 0,
  pMap: false,
  pMapData: false,
  tmMapRt: true,
  mingRegions: 0
}
[map-data-missing] retry 3561: {
  retry: 3561,
  mapDataExists: false,
  regionsLen: 0,
  gmMapData: false,
  gmMapRegions: 0,
  pMap: false,
  pMapData: false,
  tmMapRt: true,
  mingRegions: 0
}
[map-data-missing] retry 3581: {
  retry: 3581,
  mapDataExists: false,
  regionsLen: 0,
  gmMapData: false,
  gmMapRegions: 0,
  pMap: false,
  pMapData: false,
  tmMapRt: true,
  mingRegions: 0
}
[map-data-missing] retry 3601: {
  retry: 3601,
  mapDataExists: false,
  regionsLen: 0,
  gmMapData: false,
  gmMapRegions: 0,
  pMap: false,
  pMapData: false,
  tmMapRt: true,
  mingRegions: 0
}
[map-data-missing] retry 3621: {
  retry: 3621,
  mapDataExists: false,
  regionsLen: 0,
  gmMapData: false,
  gmMapRegions: 0,
  pMap: false,
  pMapData: false,
  tmMapRt: true,
  mingRegions: 0
}
[map-data-missing] retry 3641: {
  retry: 3641,
  mapDataExists: false,
  regionsLen: 0,
  gmMapData: false,
  gmMapRegions: 0,
  pMap: false,
  pMapData: false,
  tmMapRt: true,
  mingRegions: 0
}
[map-data-missing] retry 3661: {
  retry: 3661,
  mapDataExists: false,
  regionsLen: 0,
  gmMapData: false,
  gmMapRegions: 0,
  pMap: false,
  pMapData: false,
  tmMapRt: true,
  mingRegions: 0
}
[map-data-missing] retry 3681: {
  retry: 3681,
  mapDataExists: false,
  regionsLen: 0,
  gmMapData: false,
  gmMapRegions: 0,
  pMap: false,
  pMapData: false,
  tmMapRt: true,
  mingRegions: 0
}
[map-data-missing] retry 3701: {
  retry: 3701,
  mapDataExists: false,
  regionsLen: 0,
  gmMapData: false,
  gmMapRegions: 0,
  pMap: false,
  pMapData: false,
  tmMapRt: true,
  mingRegions: 0
}
[map-data-missing] retry 3721: {
  retry: 3721,
  mapDataExists: false,
  regionsLen: 0,
  gmMapData: false,
  gmMapRegions: 0,
  pMap: false,
  pMapData: false,
  tmMapRt: true,
  mingRegions: 0
}
[map-data-missing] retry 3741: {
  retry: 3741,
  mapDataExists: false,
  regionsLen: 0,
  gmMapData: false,
  gmMapRegions: 0,
  pMap: false,
  pMapData: false,
  tmMapRt: true,
  mingRegions: 0
}
[map-data-missing] retry 3761: {
  retry: 3761,
  mapDataExists: false,
  regionsLen: 0,
  gmMapData: false,
  gmMapRegions: 0,
  pMap: false,
  pMapData: false,
  tmMapRt: true,
  mingRegions: 0
}
[map-data-missing] retry 3781: {
  retry: 3781,
  mapDataExists: false,
  regionsLen: 0,
  gmMapData: false,
  gmMapRegions: 0,
  pMap: false,
  pMapData: false,
  tmMapRt: true,
  mingRegions: 0
}
[map-data-missing] retry 3801: {
  retry: 3801,
  mapDataExists: false,
  regionsLen: 0,
  gmMapData: false,
  gmMapRegions: 0,
  pMap: false,
  pMapData: false,
  tmMapRt: true,
  mingRegions: 0
}
[map-data-missing] retry 3821: {
  retry: 3821,
  mapDataExists: false,
  regionsLen: 0,
  gmMapData: false,
  gmMapRegions: 0,
  pMap: false,
  pMapData: false,
  tmMapRt: true,
  mingRegions: 0
}
[map-data-missing] retry 3841: {
  retry: 3841,
  mapDataExists: false,
  regionsLen: 0,
  gmMapData: false,
  gmMapRegions: 0,
  pMap: false,
  pMapData: false,
  tmMapRt: true,
  mingRegions: 0
}
[map-data-missing] retry 3861: {
  retry: 3861,
  mapDataExists: false,
  regionsLen: 0,
  gmMapData: false,
  gmMapRegions: 0,
  pMap: false,
  pMapData: false,
  tmMapRt: true,
  mingRegions: 0
}
[map-data-missing] retry 3881: {
  retry: 3881,
  mapDataExists: false,
  regionsLen: 0,
  gmMapData: false,
  gmMapRegions: 0,
  pMap: false,
  pMapData: false,
  tmMapRt: true,
  mingRegions: 0
}
[map-data-missing] retry 3901: {
  retry: 3901,
  mapDataExists: false,
  regionsLen: 0,
  gmMapData: false,
  gmMapRegions: 0,
  pMap: false,
  pMapData: false,
  tmMapRt: true,
  mingRegions: 0
}
[map-data-missing] retry 3921: {
  retry: 3921,
  mapDataExists: false,
  regionsLen: 0,
  gmMapData: false,
  gmMapRegions: 0,
  pMap: false,
  pMapData: false,
  tmMapRt: true,
  mingRegions: 0
}
[map-data-missing] retry 3941: {
  retry: 3941,
  mapDataExists: false,
  regionsLen: 0,
  gmMapData: false,
  gmMapRegions: 0,
  pMap: false,
  pMapData: false,
  tmMapRt: true,
  mingRegions: 0
}
[map-data-missing] retry 3961: {
  retry: 3961,
  mapDataExists: false,
  regionsLen: 0,
  gmMapData: false,
  gmMapRegions: 0,
  pMap: false,
  pMapData: false,
  tmMapRt: true,
  mingRegions: 0
}
[map-data-missing] retry 3981: {
  retry: 3981,
  mapDataExists: false,
  regionsLen: 0,
  gmMapData: false,
  gmMapRegions: 0,
  pMap: false,
  pMapData: false,
  tmMapRt: true,
  mingRegions: 0
}
[map-data-missing] retry 4001: {
  retry: 4001,
  mapDataExists: false,
  regionsLen: 0,
  gmMapData: false,
  gmMapRegions: 0,
  pMap: false,
  pMapData: false,
  tmMapRt: true,
  mingRegions: 0
}
[map-data-missing] retry 4021: {
  retry: 4021,
  mapDataExists: false,
  regionsLen: 0,
  gmMapData: false,
  gmMapRegions: 0,
  pMap: false,
  pMapData: false,
  tmMapRt: true,
  mingRegions: 0
}
[map-data-missing] retry 4041: {
  retry: 4041,
  mapDataExists: false,
  regionsLen: 0,
  gmMapData: false,
  gmMapRegions: 0,
  pMap: false,
  pMapData: false,
  tmMapRt: true,
  mingRegions: 0
}
[map-data-missing] retry 4061: {
  retry: 4061,
  mapDataExists: false,
  regionsLen: 0,
  gmMapData: false,
  gmMapRegions: 0,
  pMap: false,
  pMapData: false,
  tmMapRt: true,
  mingRegions: 0
}
[map-data-missing] retry 4081: {
  retry: 4081,
  mapDataExists: false,
  regionsLen: 0,
  gmMapData: false,
  gmMapRegions: 0,
  pMap: false,
  pMapData: false,
  tmMapRt: true,
  mingRegions: 0
}
[map-data-missing] retry 4101: {
  retry: 4101,
  mapDataExists: false,
  regionsLen: 0,
  gmMapData: false,
  gmMapRegions: 0,
  pMap: false,
  pMapData: false,
  tmMapRt: true,
  mingRegions: 0
}
[map-data-missing] retry 4121: {
  retry: 4121,
  mapDataExists: false,
  regionsLen: 0,
  gmMapData: false,
  gmMapRegions: 0,
  pMap: false,
  pMapData: false,
  tmMapRt: true,
  mingRegions: 0
}
[map-data-missing] retry 4141: {
  retry: 4141,
  mapDataExists: false,
  regionsLen: 0,
  gmMapData: false,
  gmMapRegions: 0,
  pMap: false,
  pMapData: false,
  tmMapRt: true,
  mingRegions: 0
}
[map-data-missing] retry 4161: {
  retry: 4161,
  mapDataExists: false,
  regionsLen: 0,
  gmMapData: false,
  gmMapRegions: 0,
  pMap: false,
  pMapData: false,
  tmMapRt: true,
  mingRegions: 0
}
[map-data-missing] retry 4181: {
  retry: 4181,
  mapDataExists: false,
  regionsLen: 0,
  gmMapData: false,
  gmMapRegions: 0,
  pMap: false,
  pMapData: false,
  tmMapRt: true,
  mingRegions: 0
}
[map-data-missing] retry 4201: {
  retry: 4201,
  mapDataExists: false,
  regionsLen: 0,
  gmMapData: false,
  gmMapRegions: 0,
  pMap: false,
  pMapData: false,
  tmMapRt: true,
  mingRegions: 0
}
[map-data-missing] retry 4221: {
  retry: 4221,
  mapDataExists: false,
  regionsLen: 0,
  gmMapData: false,
  gmMapRegions: 0,
  pMap: false,
  pMapData: false,
  tmMapRt: true,
  mingRegions: 0
}
[map-data-missing] retry 4241: {
  retry: 4241,
  mapDataExists: false,
  regionsLen: 0,
  gmMapData: false,
  gmMapRegions: 0,
  pMap: false,
  pMapData: false,
  tmMapRt: true,
  mingRegions: 0
}
[map-data-missing] retry 4261: {
  retry: 4261,
  mapDataExists: false,
  regionsLen: 0,
  gmMapData: false,
  gmMapRegions: 0,
  pMap: false,
  pMapData: false,
  tmMapRt: true,
  mingRegions: 0
}
[map-data-missing] retry 4281: {
  retry: 4281,
  mapDataExists: false,
  regionsLen: 0,
  gmMapData: false,
  gmMapRegions: 0,
  pMap: false,
  pMapData: false,
  tmMapRt: true,
  mingRegions: 0
}
[map-data-missing] retry 4301: {
  retry: 4301,
  mapDataExists: false,
  regionsLen: 0,
  gmMapData: false,
  gmMapRegions: 0,
  pMap: false,
  pMapData: false,
  tmMapRt: true,
  mingRegions: 0
}
[map-data-missing] retry 4321: {
  retry: 4321,
  mapDataExists: false,
  regionsLen: 0,
  gmMapData: false,
  gmMapRegions: 0,
  pMap: false,
  pMapData: false,
  tmMapRt: true,
  mingRegions: 0
}
[map-data-missing] retry 4341: {
  retry: 4341,
  mapDataExists: false,
  regionsLen: 0,
  gmMapData: false,
  gmMapRegions: 0,
  pMap: false,
  pMapData: false,
  tmMapRt: true,
  mingRegions: 0
}
[map-data-missing] retry 4361: {
  retry: 4361,
  mapDataExists: false,
  regionsLen: 0,
  gmMapData: false,
  gmMapRegions: 0,
  pMap: false,
  pMapData: false,
  tmMapRt: true,
  mingRegions: 0
}
[map-data-missing] retry 4381: {
  retry: 4381,
  mapDataExists: false,
  regionsLen: 0,
  gmMapData: false,
  gmMapRegions: 0,
  pMap: false,
  pMapData: false,
  tmMapRt: true,
  mingRegions: 0
}
[map-data-missing] retry 4401: {
  retry: 4401,
  mapDataExists: false,
  regionsLen: 0,
  gmMapData: false,
  gmMapRegions: 0,
  pMap: false,
  pMapData: false,
  tmMapRt: true,
  mingRegions: 0
}
[map-data-missing] retry 4421: {
  retry: 4421,
  mapDataExists: false,
  regionsLen: 0,
  gmMapData: false,
  gmMapRegions: 0,
  pMap: false,
  pMapData: false,
  tmMapRt: true,
  mingRegions: 0
}
[map-data-missing] retry 4441: {
  retry: 4441,
  mapDataExists: false,
  regionsLen: 0,
  gmMapData: false,
  gmMapRegions: 0,
  pMap: false,
  pMapData: false,
  tmMapRt: true,
  mingRegions: 0
}
[map-data-missing] retry 4461: {
  retry: 4461,
  mapDataExists: false,
  regionsLen: 0,
  gmMapData: false,
  gmMapRegions: 0,
  pMap: false,
  pMapData: false,
  tmMapRt: true,
  mingRegions: 0
}
[map-data-missing] retry 4481: {
  retry: 4481,
  mapDataExists: false,
  regionsLen: 0,
  gmMapData: false,
  gmMapRegions: 0,
  pMap: false,
  pMapData: false,
  tmMapRt: true,
  mingRegions: 0
}
[map-data-missing] retry 4501: {
  retry: 4501,
  mapDataExists: false,
  regionsLen: 0,
  gmMapData: false,
  gmMapRegions: 0,
  pMap: false,
  pMapData: false,
  tmMapRt: true,
  mingRegions: 0
}
[map-data-missing] retry 4521: {
  retry: 4521,
  mapDataExists: false,
  regionsLen: 0,
  gmMapData: false,
  gmMapRegions: 0,
  pMap: false,
  pMapData: false,
  tmMapRt: true,
  mingRegions: 0
}
[map-data-missing] retry 4541: {
  retry: 4541,
  mapDataExists: false,
  regionsLen: 0,
  gmMapData: false,
  gmMapRegions: 0,
  pMap: false,
  pMapData: false,
  tmMapRt: true,
  mingRegions: 0
}
[map-data-missing] retry 4561: {
  retry: 4561,
  mapDataExists: false,
  regionsLen: 0,
  gmMapData: false,
  gmMapRegions: 0,
  pMap: false,
  pMapData: false,
  tmMapRt: true,
  mingRegions: 0
}
[map-data-missing] retry 4581: {
  retry: 4581,
  mapDataExists: false,
  regionsLen: 0,
  gmMapData: false,
  gmMapRegions: 0,
  pMap: false,
  pMapData: false,
  tmMapRt: true,
  mingRegions: 0
}
[map-data-missing] retry 4601: {
  retry: 4601,
  mapDataExists: false,
  regionsLen: 0,
  gmMapData: false,
  gmMapRegions: 0,
  pMap: false,
  pMapData: false,
  tmMapRt: true,
  mingRegions: 0
}
[map-data-missing] retry 4621: {
  retry: 4621,
  mapDataExists: false,
  regionsLen: 0,
  gmMapData: false,
  gmMapRegions: 0,
  pMap: false,
  pMapData: false,
  tmMapRt: true,
  mingRegions: 0
}
[map-data-missing] retry 4641: {
  retry: 4641,
  mapDataExists: false,
  regionsLen: 0,
  gmMapData: false,
  gmMapRegions: 0,
  pMap: false,
  pMapData: false,
  tmMapRt: true,
  mingRegions: 0
}
[map-data-missing] retry 4661: {
  retry: 4661,
  mapDataExists: false,
  regionsLen: 0,
  gmMapData: false,
  gmMapRegions: 0,
  pMap: false,
  pMapData: false,
  tmMapRt: true,
  mingRegions: 0
}
[map-data-missing] retry 4681: {
  retry: 4681,
  mapDataExists: false,
  regionsLen: 0,
  gmMapData: false,
  gmMapRegions: 0,
  pMap: false,
  pMapData: false,
  tmMapRt: true,
  mingRegions: 0
}
[map-data-missing] retry 4701: {
  retry: 4701,
  mapDataExists: false,
  regionsLen: 0,
  gmMapData: false,
  gmMapRegions: 0,
  pMap: false,
  pMapData: false,
  tmMapRt: true,
  mingRegions: 0
}
[map-data-missing] retry 4721: {
  retry: 4721,
  mapDataExists: false,
  regionsLen: 0,
  gmMapData: false,
  gmMapRegions: 0,
  pMap: false,
  pMapData: false,
  tmMapRt: true,
  mingRegions: 0
}
[map-data-missing] retry 4741: {
  retry: 4741,
  mapDataExists: false,
  regionsLen: 0,
  gmMapData: false,
  gmMapRegions: 0,
  pMap: false,
  pMapData: false,
  tmMapRt: true,
  mingRegions: 0
}
[map-data-missing] retry 4761: {
  retry: 4761,
  mapDataExists: false,
  regionsLen: 0,
  gmMapData: false,
  gmMapRegions: 0,
  pMap: false,
  pMapData: false,
  tmMapRt: true,
  mingRegions: 0
}
[map-data-missing] retry 4781: {
  retry: 4781,
  mapDataExists: false,
  regionsLen: 0,
  gmMapData: false,
  gmMapRegions: 0,
  pMap: false,
  pMapData: false,
  tmMapRt: true,
  mingRegions: 0
}
[map-data-missing] retry 4801: {
  retry: 4801,
  mapDataExists: false,
  regionsLen: 0,
  gmMapData: false,
  gmMapRegions: 0,
  pMap: false,
  pMapData: false,
  tmMapRt: true,
  mingRegions: 0
}
[map-data-missing] retry 4821: {
  retry: 4821,
  mapDataExists: false,
  regionsLen: 0,
  gmMapData: false,
  gmMapRegions: 0,
  pMap: false,
  pMapData: false,
  tmMapRt: true,
  mingRegions: 0
}
[map-data-missing] retry 4841: {
  retry: 4841,
  mapDataExists: false,
  regionsLen: 0,
  gmMapData: false,
  gmMapRegions: 0,
  pMap: false,
  pMapData: false,
  tmMapRt: true,
  mingRegions: 0
}
[map-data-missing] retry 4861: {
  retry: 4861,
  mapDataExists: false,
  regionsLen: 0,
  gmMapData: false,
  gmMapRegions: 0,
  pMap: false,
  pMapData: false,
  tmMapRt: true,
  mingRegions: 0
}
[map-data-missing] retry 4881: {
  retry: 4881,
  mapDataExists: false,
  regionsLen: 0,
  gmMapData: false,
  gmMapRegions: 0,
  pMap: false,
  pMapData: false,
  tmMapRt: true,
  mingRegions: 0
}
